{"/Users/shrey/Downloads/Coding/Rockets/omnibus-DAQms/src/App.tsx": {"path":"/Users/shrey/Downloads/Coding/Rockets/omnibus-DAQms/src/App.tsx","statementMap":{"0":{"start":{"line":6,"column":4},"end":{"line":19,"column":null}}},"fnMap":{"0":{"name":"App","decl":{"start":{"line":5,"column":24},"end":{"line":5,"column":30}},"loc":{"start":{"line":5,"column":30},"end":{"line":21,"column":null}},"line":5}},"branchMap":{},"s":{"0":1},"f":{"0":1},"b":{},"meta":{"lastBranch":0,"lastFunction":1,"lastStatement":1,"seen":{"f:5:24:5:30":0,"s:6:4:19:Infinity":0}}}
,"/Users/shrey/Downloads/Coding/Rockets/omnibus-DAQms/src/components/D3LineGraph.tsx": {"path":"/Users/shrey/Downloads/Coding/Rockets/omnibus-DAQms/src/components/D3LineGraph.tsx","statementMap":{"0":{"start":{"line":29,"column":20},"end":{"line":34,"column":null}},"1":{"start":{"line":50,"column":22},"end":{"line":50,"column":null}},"2":{"start":{"line":51,"column":8},"end":{"line":51,"column":null}},"3":{"start":{"line":53,"column":2},"end":{"line":56,"column":null}},"4":{"start":{"line":54,"column":23},"end":{"line":54,"column":null}},"5":{"start":{"line":55,"column":4},"end":{"line":55,"column":null}},"6":{"start":{"line":55,"column":22},"end":{"line":55,"column":97}},"7":{"start":{"line":55,"column":45},"end":{"line":55,"column":74}},"8":{"start":{"line":58,"column":2},"end":{"line":78,"column":null}},"9":{"start":{"line":59,"column":4},"end":{"line":61,"column":null}},"10":{"start":{"line":60,"column":6},"end":{"line":60,"column":null}},"11":{"start":{"line":62,"column":4},"end":{"line":62,"column":null}},"12":{"start":{"line":64,"column":24},"end":{"line":76,"column":null}},"13":{"start":{"line":65,"column":17},"end":{"line":65,"column":null}},"14":{"start":{"line":67,"column":8},"end":{"line":67,"column":null}},"15":{"start":{"line":67,"column":27},"end":{"line":67,"column":null}},"16":{"start":{"line":69,"column":27},"end":{"line":69,"column":null}},"17":{"start":{"line":70,"column":8},"end":{"line":74,"column":null}},"18":{"start":{"line":71,"column":10},"end":{"line":73,"column":null}},"19":{"start":{"line":72,"column":31},"end":{"line":72,"column":60}},"20":{"start":{"line":77,"column":4},"end":{"line":77,"column":null}},"21":{"start":{"line":80,"column":8},"end":{"line":83,"column":null}},"22":{"start":{"line":81,"column":4},"end":{"line":81,"column":null}},"23":{"start":{"line":81,"column":27},"end":{"line":81,"column":null}},"24":{"start":{"line":82,"column":4},"end":{"line":82,"column":null}},"25":{"start":{"line":85,"column":23},"end":{"line":85,"column":null}},"26":{"start":{"line":86,"column":29},"end":{"line":86,"column":null}},"27":{"start":{"line":88,"column":28},"end":{"line":88,"column":null}},"28":{"start":{"line":89,"column":29},"end":{"line":89,"column":null}},"29":{"start":{"line":91,"column":2},"end":{"line":93,"column":null}},"30":{"start":{"line":92,"column":4},"end":{"line":92,"column":null}},"31":{"start":{"line":95,"column":2},"end":{"line":108,"column":null}}},"fnMap":{"0":{"name":"D3LineGraph","decl":{"start":{"line":36,"column":24},"end":{"line":36,"column":36}},"loc":{"start":{"line":49,"column":21},"end":{"line":110,"column":null}},"line":49},"1":{"name":"(anonymous_1)","decl":{"start":{"line":53,"column":12},"end":{"line":53,"column":18}},"loc":{"start":{"line":53,"column":18},"end":{"line":56,"column":5}},"line":53},"2":{"name":"(anonymous_2)","decl":{"start":{"line":55,"column":12},"end":{"line":55,"column":13}},"loc":{"start":{"line":55,"column":22},"end":{"line":55,"column":97}},"line":55},"3":{"name":"(anonymous_3)","decl":{"start":{"line":55,"column":34},"end":{"line":55,"column":35}},"loc":{"start":{"line":55,"column":45},"end":{"line":55,"column":74}},"line":55},"4":{"name":"(anonymous_4)","decl":{"start":{"line":58,"column":12},"end":{"line":58,"column":18}},"loc":{"start":{"line":58,"column":18},"end":{"line":78,"column":5}},"line":58},"5":{"name":"(anonymous_5)","decl":{"start":{"line":65,"column":6},"end":{"line":65,"column":7}},"loc":{"start":{"line":65,"column":17},"end":{"line":65,"column":null}},"line":65},"6":{"name":"(anonymous_6)","decl":{"start":{"line":66,"column":6},"end":{"line":66,"column":7}},"loc":{"start":{"line":66,"column":53},"end":{"line":75,"column":null}},"line":66},"7":{"name":"(anonymous_7)","decl":{"start":{"line":70,"column":16},"end":{"line":70,"column":17}},"loc":{"start":{"line":71,"column":10},"end":{"line":73,"column":null}},"line":71},"8":{"name":"(anonymous_8)","decl":{"start":{"line":72,"column":20},"end":{"line":72,"column":21}},"loc":{"start":{"line":72,"column":31},"end":{"line":72,"column":60}},"line":72},"9":{"name":"(anonymous_9)","decl":{"start":{"line":80,"column":31},"end":{"line":80,"column":37}},"loc":{"start":{"line":80,"column":37},"end":{"line":83,"column":5}},"line":80}},"branchMap":{"0":{"loc":{"start":{"line":39,"column":2},"end":{"line":39,"column":null}},"type":"default-arg","locations":[{"start":{"line":39,"column":9},"end":{"line":39,"column":null}}],"line":39},"1":{"loc":{"start":{"line":40,"column":2},"end":{"line":40,"column":null}},"type":"default-arg","locations":[{"start":{"line":40,"column":10},"end":{"line":40,"column":null}}],"line":40},"2":{"loc":{"start":{"line":41,"column":2},"end":{"line":41,"column":null}},"type":"default-arg","locations":[{"start":{"line":41,"column":11},"end":{"line":41,"column":null}}],"line":41},"3":{"loc":{"start":{"line":42,"column":2},"end":{"line":42,"column":null}},"type":"default-arg","locations":[{"start":{"line":42,"column":16},"end":{"line":42,"column":null}}],"line":42},"4":{"loc":{"start":{"line":43,"column":2},"end":{"line":43,"column":null}},"type":"default-arg","locations":[{"start":{"line":43,"column":16},"end":{"line":43,"column":null}}],"line":43},"5":{"loc":{"start":{"line":44,"column":2},"end":{"line":44,"column":null}},"type":"default-arg","locations":[{"start":{"line":44,"column":19},"end":{"line":44,"column":null}}],"line":44},"6":{"loc":{"start":{"line":46,"column":2},"end":{"line":46,"column":null}},"type":"default-arg","locations":[{"start":{"line":46,"column":20},"end":{"line":46,"column":null}}],"line":46},"7":{"loc":{"start":{"line":47,"column":2},"end":{"line":47,"column":null}},"type":"default-arg","locations":[{"start":{"line":47,"column":17},"end":{"line":47,"column":null}}],"line":47},"8":{"loc":{"start":{"line":48,"column":2},"end":{"line":48,"column":null}},"type":"default-arg","locations":[{"start":{"line":48,"column":18},"end":{"line":48,"column":null}}],"line":48},"9":{"loc":{"start":{"line":59,"column":4},"end":{"line":61,"column":null}},"type":"if","locations":[{"start":{"line":59,"column":4},"end":{"line":61,"column":null}},{"start":{},"end":{}}],"line":59},"10":{"loc":{"start":{"line":67,"column":8},"end":{"line":67,"column":null}},"type":"if","locations":[{"start":{"line":67,"column":8},"end":{"line":67,"column":null}},{"start":{},"end":{}}],"line":67},"11":{"loc":{"start":{"line":81,"column":4},"end":{"line":81,"column":null}},"type":"if","locations":[{"start":{"line":81,"column":4},"end":{"line":81,"column":null}},{"start":{},"end":{}}],"line":81},"12":{"loc":{"start":{"line":85,"column":23},"end":{"line":85,"column":null}},"type":"binary-expr","locations":[{"start":{"line":85,"column":23},"end":{"line":85,"column":32}},{"start":{"line":85,"column":32},"end":{"line":85,"column":null}}],"line":85},"13":{"loc":{"start":{"line":86,"column":29},"end":{"line":86,"column":null}},"type":"cond-expr","locations":[{"start":{"line":86,"column":53},"end":{"line":86,"column":101}},{"start":{"line":86,"column":101},"end":{"line":86,"column":null}}],"line":86},"14":{"loc":{"start":{"line":88,"column":28},"end":{"line":88,"column":null}},"type":"cond-expr","locations":[{"start":{"line":88,"column":49},"end":{"line":88,"column":66}},{"start":{"line":88,"column":66},"end":{"line":88,"column":null}}],"line":88},"15":{"loc":{"start":{"line":89,"column":29},"end":{"line":89,"column":null}},"type":"cond-expr","locations":[{"start":{"line":89,"column":51},"end":{"line":89,"column":69}},{"start":{"line":89,"column":69},"end":{"line":89,"column":null}}],"line":89},"16":{"loc":{"start":{"line":91,"column":2},"end":{"line":93,"column":null}},"type":"if","locations":[{"start":{"line":91,"column":2},"end":{"line":93,"column":null}},{"start":{},"end":{}}],"line":91},"17":{"loc":{"start":{"line":91,"column":6},"end":{"line":91,"column":51}},"type":"binary-expr","locations":[{"start":{"line":91,"column":6},"end":{"line":91,"column":29}},{"start":{"line":91,"column":29},"end":{"line":91,"column":51}}],"line":91}},"s":{"0":2,"1":40,"2":40,"3":40,"4":15,"5":15,"6":15,"7":0,"8":40,"9":16,"10":1,"11":16,"12":16,"13":25,"14":8,"15":0,"16":8,"17":8,"18":8,"19":10,"20":16,"21":40,"22":39,"23":31,"24":8,"25":40,"26":40,"27":40,"28":40,"29":40,"30":4,"31":40},"f":{"0":40,"1":15,"2":15,"3":0,"4":16,"5":25,"6":8,"7":8,"8":10,"9":39},"b":{"0":[40],"1":[40],"2":[40],"3":[40],"4":[40],"5":[40],"6":[40],"7":[40],"8":[40],"9":[1,15],"10":[0,8],"11":[31,8],"12":[40,38],"13":[9,31],"14":[38,2],"15":[38,2],"16":[4,36],"17":[40,38]},"meta":{"lastBranch":18,"lastFunction":10,"lastStatement":32,"seen":{"s:29:20:34:Infinity":0,"f:36:24:36:36":0,"b:39:9:39:Infinity":0,"b:40:10:40:Infinity":1,"b:41:11:41:Infinity":2,"b:42:16:42:Infinity":3,"b:43:16:43:Infinity":4,"b:44:19:44:Infinity":5,"b:46:20:46:Infinity":6,"b:47:17:47:Infinity":7,"b:48:18:48:Infinity":8,"s:50:22:50:Infinity":1,"s:51:8:51:Infinity":2,"s:53:2:56:Infinity":3,"f:53:12:53:18":1,"s:54:23:54:Infinity":4,"s:55:4:55:Infinity":5,"f:55:12:55:13":2,"s:55:22:55:97":6,"f:55:34:55:35":3,"s:55:45:55:74":7,"s:58:2:78:Infinity":8,"f:58:12:58:18":4,"b:59:4:61:Infinity:undefined:undefined:undefined:undefined":9,"s:59:4:61:Infinity":9,"s:60:6:60:Infinity":10,"s:62:4:62:Infinity":11,"s:64:24:76:Infinity":12,"f:65:6:65:7":5,"s:65:17:65:Infinity":13,"f:66:6:66:7":6,"b:67:8:67:Infinity:undefined:undefined:undefined:undefined":10,"s:67:8:67:Infinity":14,"s:67:27:67:Infinity":15,"s:69:27:69:Infinity":16,"s:70:8:74:Infinity":17,"f:70:16:70:17":7,"s:71:10:73:Infinity":18,"f:72:20:72:21":8,"s:72:31:72:60":19,"s:77:4:77:Infinity":20,"s:80:8:83:Infinity":21,"f:80:31:80:37":9,"b:81:4:81:Infinity:undefined:undefined:undefined:undefined":11,"s:81:4:81:Infinity":22,"s:81:27:81:Infinity":23,"s:82:4:82:Infinity":24,"s:85:23:85:Infinity":25,"b:85:23:85:32:85:32:85:Infinity":12,"s:86:29:86:Infinity":26,"b:86:53:86:101:86:101:86:Infinity":13,"s:88:28:88:Infinity":27,"b:88:49:88:66:88:66:88:Infinity":14,"s:89:29:89:Infinity":28,"b:89:51:89:69:89:69:89:Infinity":15,"b:91:2:93:Infinity:undefined:undefined:undefined:undefined":16,"s:91:2:93:Infinity":29,"b:91:6:91:29:91:29:91:51":17,"s:92:4:92:Infinity":30,"s:95:2:108:Infinity":31}}}
,"/Users/shrey/Downloads/Coding/Rockets/omnibus-DAQms/src/components/NavBar.tsx": {"path":"/Users/shrey/Downloads/Coding/Rockets/omnibus-DAQms/src/components/NavBar.tsx","statementMap":{"0":{"start":{"line":12,"column":19},"end":{"line":17,"column":null}},"1":{"start":{"line":20,"column":27},"end":{"line":20,"column":null}},"2":{"start":{"line":23,"column":25},"end":{"line":36,"column":null}},"3":{"start":{"line":24,"column":4},"end":{"line":35,"column":null}},"4":{"start":{"line":26,"column":8},"end":{"line":26,"column":null}},"5":{"start":{"line":28,"column":8},"end":{"line":28,"column":null}},"6":{"start":{"line":30,"column":8},"end":{"line":30,"column":null}},"7":{"start":{"line":32,"column":8},"end":{"line":32,"column":null}},"8":{"start":{"line":34,"column":8},"end":{"line":34,"column":null}},"9":{"start":{"line":38,"column":17},"end":{"line":38,"column":null}},"10":{"start":{"line":40,"column":2},"end":{"line":84,"column":null}},"11":{"start":{"line":63,"column":16},"end":{"line":72,"column":null}}},"fnMap":{"0":{"name":"NavBar","decl":{"start":{"line":11,"column":16},"end":{"line":11,"column":25}},"loc":{"start":{"line":11,"column":25},"end":{"line":86,"column":null}},"line":11},"1":{"name":"(anonymous_1)","decl":{"start":{"line":23,"column":25},"end":{"line":23,"column":31}},"loc":{"start":{"line":23,"column":31},"end":{"line":36,"column":null}},"line":23},"2":{"name":"(anonymous_2)","decl":{"start":{"line":62,"column":28},"end":{"line":62,"column":29}},"loc":{"start":{"line":63,"column":16},"end":{"line":72,"column":null}},"line":63}},"branchMap":{"0":{"loc":{"start":{"line":24,"column":4},"end":{"line":35,"column":null}},"type":"switch","locations":[{"start":{"line":25,"column":6},"end":{"line":26,"column":null}},{"start":{"line":27,"column":6},"end":{"line":28,"column":null}},{"start":{"line":29,"column":6},"end":{"line":30,"column":null}},{"start":{"line":31,"column":6},"end":{"line":32,"column":null}},{"start":{"line":33,"column":6},"end":{"line":34,"column":null}}],"line":24}},"s":{"0":1,"1":1,"2":1,"3":1,"4":0,"5":1,"6":0,"7":0,"8":0,"9":1,"10":1,"11":4},"f":{"0":1,"1":1,"2":4},"b":{"0":[0,1,0,0,0]},"meta":{"lastBranch":1,"lastFunction":3,"lastStatement":12,"seen":{"f:11:16:11:25":0,"s:12:19:17:Infinity":0,"s:20:27:20:Infinity":1,"s:23:25:36:Infinity":2,"f:23:25:23:31":1,"b:25:6:26:Infinity:27:6:28:Infinity:29:6:30:Infinity:31:6:32:Infinity:33:6:34:Infinity":0,"s:24:4:35:Infinity":3,"s:26:8:26:Infinity":4,"s:28:8:28:Infinity":5,"s:30:8:30:Infinity":6,"s:32:8:32:Infinity":7,"s:34:8:34:Infinity":8,"s:38:17:38:Infinity":9,"s:40:2:84:Infinity":10,"f:62:28:62:29":2,"s:63:16:72:Infinity":11}}}
,"/Users/shrey/Downloads/Coding/Rockets/omnibus-DAQms/src/components/OmnibusProvider.tsx": {"path":"/Users/shrey/Downloads/Coding/Rockets/omnibus-DAQms/src/components/OmnibusProvider.tsx","statementMap":{"0":{"start":{"line":12,"column":19},"end":{"line":12,"column":null}},"1":{"start":{"line":17,"column":65},"end":{"line":111,"column":null}},"2":{"start":{"line":20,"column":4},"end":{"line":20,"column":null}},"3":{"start":{"line":22,"column":48},"end":{"line":23,"column":null}},"4":{"start":{"line":24,"column":26},"end":{"line":24,"column":null}},"5":{"start":{"line":26,"column":10},"end":{"line":55,"column":null}},"6":{"start":{"line":27,"column":8},"end":{"line":27,"column":null}},"7":{"start":{"line":32,"column":12},"end":{"line":32,"column":null}},"8":{"start":{"line":35,"column":78},"end":{"line":35,"column":null}},"9":{"start":{"line":37,"column":8},"end":{"line":51,"column":null}},"10":{"start":{"line":39,"column":32},"end":{"line":39,"column":null}},"11":{"start":{"line":44,"column":16},"end":{"line":45,"column":null}},"12":{"start":{"line":47,"column":12},"end":{"line":50,"column":null}},"13":{"start":{"line":54,"column":8},"end":{"line":54,"column":null}},"14":{"start":{"line":58,"column":4},"end":{"line":60,"column":null}},"15":{"start":{"line":59,"column":8},"end":{"line":59,"column":null}},"16":{"start":{"line":62,"column":4},"end":{"line":99,"column":null}},"17":{"start":{"line":63,"column":8},"end":{"line":63,"column":null}},"18":{"start":{"line":65,"column":14},"end":{"line":71,"column":null}},"19":{"start":{"line":73,"column":8},"end":{"line":77,"column":null}},"20":{"start":{"line":74,"column":12},"end":{"line":74,"column":null}},"21":{"start":{"line":75,"column":12},"end":{"line":75,"column":null}},"22":{"start":{"line":76,"column":12},"end":{"line":76,"column":null}},"23":{"start":{"line":79,"column":8},"end":{"line":82,"column":null}},"24":{"start":{"line":80,"column":12},"end":{"line":80,"column":null}},"25":{"start":{"line":81,"column":12},"end":{"line":81,"column":null}},"26":{"start":{"line":84,"column":8},"end":{"line":88,"column":null}},"27":{"start":{"line":85,"column":12},"end":{"line":85,"column":null}},"28":{"start":{"line":86,"column":12},"end":{"line":86,"column":null}},"29":{"start":{"line":87,"column":12},"end":{"line":87,"column":null}},"30":{"start":{"line":90,"column":8},"end":{"line":92,"column":null}},"31":{"start":{"line":91,"column":12},"end":{"line":91,"column":null}},"32":{"start":{"line":94,"column":8},"end":{"line":98,"column":null}},"33":{"start":{"line":95,"column":12},"end":{"line":95,"column":null}},"34":{"start":{"line":96,"column":12},"end":{"line":96,"column":null}},"35":{"start":{"line":97,"column":12},"end":{"line":97,"column":null}},"36":{"start":{"line":101,"column":39},"end":{"line":104,"column":null}},"37":{"start":{"line":106,"column":4},"end":{"line":109,"column":null}}},"fnMap":{"0":{"name":"(anonymous_0)","decl":{"start":{"line":17,"column":65},"end":{"line":17,"column":66}},"loc":{"start":{"line":19,"column":6},"end":{"line":111,"column":null}},"line":19},"1":{"name":"(anonymous_1)","decl":{"start":{"line":26,"column":37},"end":{"line":26,"column":38}},"loc":{"start":{"line":26,"column":62},"end":{"line":55,"column":7}},"line":26},"2":{"name":"(anonymous_2)","decl":{"start":{"line":37,"column":37},"end":{"line":37,"column":38}},"loc":{"start":{"line":37,"column":63},"end":{"line":51,"column":9}},"line":37},"3":{"name":"(anonymous_3)","decl":{"start":{"line":58,"column":14},"end":{"line":58,"column":20}},"loc":{"start":{"line":58,"column":20},"end":{"line":60,"column":7}},"line":58},"4":{"name":"(anonymous_4)","decl":{"start":{"line":62,"column":14},"end":{"line":62,"column":20}},"loc":{"start":{"line":62,"column":20},"end":{"line":99,"column":7}},"line":62},"5":{"name":"(anonymous_5)","decl":{"start":{"line":73,"column":32},"end":{"line":73,"column":38}},"loc":{"start":{"line":73,"column":38},"end":{"line":77,"column":9}},"line":73},"6":{"name":"(anonymous_6)","decl":{"start":{"line":79,"column":35},"end":{"line":79,"column":36}},"loc":{"start":{"line":79,"column":47},"end":{"line":82,"column":9}},"line":79},"7":{"name":"(anonymous_7)","decl":{"start":{"line":84,"column":38},"end":{"line":84,"column":39}},"loc":{"start":{"line":84,"column":47},"end":{"line":88,"column":9}},"line":84},"8":{"name":"(anonymous_8)","decl":{"start":{"line":90,"column":32},"end":{"line":90,"column":33}},"loc":{"start":{"line":90,"column":57},"end":{"line":92,"column":9}},"line":90},"9":{"name":"(anonymous_9)","decl":{"start":{"line":94,"column":15},"end":{"line":94,"column":21}},"loc":{"start":{"line":94,"column":21},"end":{"line":98,"column":null}},"line":94}},"branchMap":{},"s":{"0":1,"1":1,"2":1,"3":1,"4":1,"5":1,"6":0,"7":0,"8":0,"9":0,"10":0,"11":0,"12":0,"13":0,"14":1,"15":1,"16":1,"17":1,"18":1,"19":1,"20":0,"21":0,"22":0,"23":1,"24":0,"25":0,"26":1,"27":0,"28":0,"29":0,"30":1,"31":0,"32":1,"33":1,"34":1,"35":1,"36":1,"37":1},"f":{"0":1,"1":0,"2":0,"3":1,"4":1,"5":0,"6":0,"7":0,"8":0,"9":1},"b":{},"meta":{"lastBranch":0,"lastFunction":10,"lastStatement":38,"seen":{"s:12:19:12:Infinity":0,"s:17:65:111:Infinity":1,"f:17:65:17:66":0,"s:20:4:20:Infinity":2,"s:22:48:23:Infinity":3,"s:24:26:24:Infinity":4,"s:26:10:55:Infinity":5,"f:26:37:26:38":1,"s:27:8:27:Infinity":6,"s:32:12:32:Infinity":7,"s:35:78:35:Infinity":8,"s:37:8:51:Infinity":9,"f:37:37:37:38":2,"s:39:32:39:Infinity":10,"s:44:16:45:Infinity":11,"s:47:12:50:Infinity":12,"s:54:8:54:Infinity":13,"s:58:4:60:Infinity":14,"f:58:14:58:20":3,"s:59:8:59:Infinity":15,"s:62:4:99:Infinity":16,"f:62:14:62:20":4,"s:63:8:63:Infinity":17,"s:65:14:71:Infinity":18,"s:73:8:77:Infinity":19,"f:73:32:73:38":5,"s:74:12:74:Infinity":20,"s:75:12:75:Infinity":21,"s:76:12:76:Infinity":22,"s:79:8:82:Infinity":23,"f:79:35:79:36":6,"s:80:12:80:Infinity":24,"s:81:12:81:Infinity":25,"s:84:8:88:Infinity":26,"f:84:38:84:39":7,"s:85:12:85:Infinity":27,"s:86:12:86:Infinity":28,"s:87:12:87:Infinity":29,"s:90:8:92:Infinity":30,"f:90:32:90:33":8,"s:91:12:91:Infinity":31,"s:94:8:98:Infinity":32,"f:94:15:94:21":9,"s:95:12:95:Infinity":33,"s:96:12:96:Infinity":34,"s:97:12:97:Infinity":35,"s:101:39:104:Infinity":36,"s:106:4:109:Infinity":37}}}
,"/Users/shrey/Downloads/Coding/Rockets/omnibus-DAQms/src/components/SensorMonitoringDashboard.tsx": {"path":"/Users/shrey/Downloads/Coding/Rockets/omnibus-DAQms/src/components/SensorMonitoringDashboard.tsx","statementMap":{"0":{"start":{"line":3,"column":41},"end":{"line":58,"column":null}},"1":{"start":{"line":5,"column":19},"end":{"line":12,"column":null}},"2":{"start":{"line":14,"column":2},"end":{"line":56,"column":null}}},"fnMap":{"0":{"name":"(anonymous_0)","decl":{"start":{"line":3,"column":41},"end":{"line":3,"column":47}},"loc":{"start":{"line":3,"column":47},"end":{"line":58,"column":null}},"line":3}},"branchMap":{},"s":{"0":1,"1":0,"2":0},"f":{"0":0},"b":{},"meta":{"lastBranch":0,"lastFunction":1,"lastStatement":3,"seen":{"s:3:41:58:Infinity":0,"f:3:41:3:47":0,"s:5:19:12:Infinity":1,"s:14:2:56:Infinity":2}}}
,"/Users/shrey/Downloads/Coding/Rockets/omnibus-DAQms/src/components/d3Chart.tsx": {"path":"/Users/shrey/Downloads/Coding/Rockets/omnibus-DAQms/src/components/d3Chart.tsx","statementMap":{"0":{"start":{"line":30,"column":61},"end":{"line":30,"column":null}},"1":{"start":{"line":32,"column":19},"end":{"line":32,"column":null}},"2":{"start":{"line":33,"column":19},"end":{"line":33,"column":null}},"3":{"start":{"line":35,"column":10},"end":{"line":35,"column":null}},"4":{"start":{"line":38,"column":10},"end":{"line":46,"column":null}},"5":{"start":{"line":39,"column":8},"end":{"line":42,"column":null}},"6":{"start":{"line":40,"column":24},"end":{"line":40,"column":null}},"7":{"start":{"line":41,"column":12},"end":{"line":41,"column":null}},"8":{"start":{"line":43,"column":22},"end":{"line":43,"column":null}},"9":{"start":{"line":43,"column":38},"end":{"line":43,"column":59}},"10":{"start":{"line":44,"column":23},"end":{"line":44,"column":null}},"11":{"start":{"line":45,"column":8},"end":{"line":45,"column":null}},"12":{"start":{"line":49,"column":10},"end":{"line":68,"column":null}},"13":{"start":{"line":50,"column":23},"end":{"line":50,"column":null}},"14":{"start":{"line":51,"column":25},"end":{"line":51,"column":null}},"15":{"start":{"line":52,"column":20},"end":{"line":52,"column":null}},"16":{"start":{"line":53,"column":63},"end":{"line":53,"column":null}},"17":{"start":{"line":55,"column":8},"end":{"line":66,"column":null}},"18":{"start":{"line":55,"column":21},"end":{"line":55,"column":24}},"19":{"start":{"line":56,"column":23},"end":{"line":56,"column":null}},"20":{"start":{"line":57,"column":12},"end":{"line":62,"column":null}},"21":{"start":{"line":58,"column":16},"end":{"line":58,"column":null}},"22":{"start":{"line":59,"column":12},"end":{"line":62,"column":null}},"23":{"start":{"line":61,"column":16},"end":{"line":61,"column":null}},"24":{"start":{"line":63,"column":30},"end":{"line":63,"column":null}},"25":{"start":{"line":64,"column":26},"end":{"line":64,"column":null}},"26":{"start":{"line":65,"column":12},"end":{"line":65,"column":null}},"27":{"start":{"line":67,"column":8},"end":{"line":67,"column":null}},"28":{"start":{"line":71,"column":10},"end":{"line":87,"column":null}},"29":{"start":{"line":73,"column":8},"end":{"line":75,"column":null}},"30":{"start":{"line":74,"column":12},"end":{"line":74,"column":null}},"31":{"start":{"line":78,"column":8},"end":{"line":80,"column":null}},"32":{"start":{"line":79,"column":12},"end":{"line":79,"column":null}},"33":{"start":{"line":82,"column":23},"end":{"line":82,"column":null}},"34":{"start":{"line":82,"column":39},"end":{"line":82,"column":46}},"35":{"start":{"line":83,"column":20},"end":{"line":83,"column":null}},"36":{"start":{"line":84,"column":20},"end":{"line":84,"column":null}},"37":{"start":{"line":85,"column":14},"end":{"line":85,"column":null}},"38":{"start":{"line":86,"column":8},"end":{"line":86,"column":null}},"39":{"start":{"line":90,"column":10},"end":{"line":97,"column":null}},"40":{"start":{"line":91,"column":21},"end":{"line":95,"column":null}},"41":{"start":{"line":92,"column":35},"end":{"line":92,"column":70}},"42":{"start":{"line":93,"column":29},"end":{"line":93,"column":58}},"43":{"start":{"line":94,"column":29},"end":{"line":94,"column":44}},"44":{"start":{"line":96,"column":8},"end":{"line":96,"column":null}},"45":{"start":{"line":100,"column":4},"end":{"line":105,"column":null}},"46":{"start":{"line":101,"column":8},"end":{"line":101,"column":null}},"47":{"start":{"line":101,"column":31},"end":{"line":101,"column":null}},"48":{"start":{"line":102,"column":22},"end":{"line":102,"column":null}},"49":{"start":{"line":102,"column":98},"end":{"line":102,"column":148}},"50":{"start":{"line":103,"column":8},"end":{"line":103,"column":null}},"51":{"start":{"line":104,"column":8},"end":{"line":104,"column":null}},"52":{"start":{"line":107,"column":4},"end":{"line":150,"column":null}},"53":{"start":{"line":116,"column":24},"end":{"line":118,"column":null}},"54":{"start":{"line":130,"column":24},"end":{"line":135,"column":null}},"55":{"start":{"line":142,"column":24},"end":{"line":144,"column":null}}},"fnMap":{"0":{"name":"D3Chart","decl":{"start":{"line":18,"column":24},"end":{"line":18,"column":32}},"loc":{"start":{"line":29,"column":17},"end":{"line":152,"column":null}},"line":29},"1":{"name":"(anonymous_1)","decl":{"start":{"line":38,"column":27},"end":{"line":38,"column":33}},"loc":{"start":{"line":38,"column":33},"end":{"line":46,"column":7}},"line":38},"2":{"name":"(anonymous_2)","decl":{"start":{"line":43,"column":31},"end":{"line":43,"column":32}},"loc":{"start":{"line":43,"column":38},"end":{"line":43,"column":59}},"line":43},"3":{"name":"(anonymous_3)","decl":{"start":{"line":49,"column":27},"end":{"line":49,"column":33}},"loc":{"start":{"line":49,"column":33},"end":{"line":68,"column":7}},"line":49},"4":{"name":"(anonymous_4)","decl":{"start":{"line":71,"column":27},"end":{"line":71,"column":33}},"loc":{"start":{"line":71,"column":33},"end":{"line":87,"column":7}},"line":71},"5":{"name":"(anonymous_5)","decl":{"start":{"line":82,"column":32},"end":{"line":82,"column":33}},"loc":{"start":{"line":82,"column":39},"end":{"line":82,"column":46}},"line":82},"6":{"name":"(anonymous_6)","decl":{"start":{"line":90,"column":26},"end":{"line":90,"column":32}},"loc":{"start":{"line":90,"column":32},"end":{"line":97,"column":7}},"line":90},"7":{"name":"(anonymous_7)","decl":{"start":{"line":92,"column":17},"end":{"line":92,"column":18}},"loc":{"start":{"line":92,"column":35},"end":{"line":92,"column":70}},"line":92},"8":{"name":"(anonymous_8)","decl":{"start":{"line":93,"column":11},"end":{"line":93,"column":12}},"loc":{"start":{"line":93,"column":29},"end":{"line":93,"column":58}},"line":93},"9":{"name":"(anonymous_9)","decl":{"start":{"line":94,"column":11},"end":{"line":94,"column":12}},"loc":{"start":{"line":94,"column":29},"end":{"line":94,"column":44}},"line":94},"10":{"name":"(anonymous_10)","decl":{"start":{"line":100,"column":20},"end":{"line":100,"column":26}},"loc":{"start":{"line":100,"column":26},"end":{"line":105,"column":7}},"line":100},"11":{"name":"(anonymous_11)","decl":{"start":{"line":102,"column":83},"end":{"line":102,"column":84}},"loc":{"start":{"line":102,"column":98},"end":{"line":102,"column":148}},"line":102},"12":{"name":"(anonymous_12)","decl":{"start":{"line":115,"column":54},"end":{"line":115,"column":55}},"loc":{"start":{"line":116,"column":24},"end":{"line":118,"column":null}},"line":116},"13":{"name":"(anonymous_13)","decl":{"start":{"line":129,"column":32},"end":{"line":129,"column":33}},"loc":{"start":{"line":130,"column":24},"end":{"line":135,"column":null}},"line":130},"14":{"name":"(anonymous_14)","decl":{"start":{"line":141,"column":32},"end":{"line":141,"column":33}},"loc":{"start":{"line":142,"column":24},"end":{"line":144,"column":null}},"line":142}},"branchMap":{"0":{"loc":{"start":{"line":20,"column":4},"end":{"line":20,"column":null}},"type":"default-arg","locations":[{"start":{"line":20,"column":12},"end":{"line":20,"column":null}}],"line":20},"1":{"loc":{"start":{"line":21,"column":4},"end":{"line":21,"column":null}},"type":"default-arg","locations":[{"start":{"line":21,"column":13},"end":{"line":21,"column":null}}],"line":21},"2":{"loc":{"start":{"line":22,"column":4},"end":{"line":22,"column":null}},"type":"default-arg","locations":[{"start":{"line":22,"column":11},"end":{"line":22,"column":null}}],"line":22},"3":{"loc":{"start":{"line":23,"column":4},"end":{"line":23,"column":null}},"type":"default-arg","locations":[{"start":{"line":23,"column":13},"end":{"line":23,"column":null}}],"line":23},"4":{"loc":{"start":{"line":24,"column":4},"end":{"line":24,"column":null}},"type":"default-arg","locations":[{"start":{"line":24,"column":18},"end":{"line":24,"column":null}}],"line":24},"5":{"loc":{"start":{"line":25,"column":4},"end":{"line":25,"column":null}},"type":"default-arg","locations":[{"start":{"line":25,"column":18},"end":{"line":25,"column":null}}],"line":25},"6":{"loc":{"start":{"line":27,"column":4},"end":{"line":27,"column":null}},"type":"default-arg","locations":[{"start":{"line":27,"column":21},"end":{"line":27,"column":null}}],"line":27},"7":{"loc":{"start":{"line":28,"column":4},"end":{"line":28,"column":null}},"type":"default-arg","locations":[{"start":{"line":28,"column":22},"end":{"line":28,"column":null}}],"line":28},"8":{"loc":{"start":{"line":30,"column":12},"end":{"line":30,"column":22}},"type":"default-arg","locations":[{"start":{"line":30,"column":18},"end":{"line":30,"column":22}}],"line":30},"9":{"loc":{"start":{"line":30,"column":22},"end":{"line":30,"column":34}},"type":"default-arg","locations":[{"start":{"line":30,"column":30},"end":{"line":30,"column":34}}],"line":30},"10":{"loc":{"start":{"line":30,"column":34},"end":{"line":30,"column":47}},"type":"default-arg","locations":[{"start":{"line":30,"column":43},"end":{"line":30,"column":47}}],"line":30},"11":{"loc":{"start":{"line":30,"column":47},"end":{"line":30,"column":57}},"type":"default-arg","locations":[{"start":{"line":30,"column":54},"end":{"line":30,"column":57}}],"line":30},"12":{"loc":{"start":{"line":39,"column":8},"end":{"line":42,"column":null}},"type":"if","locations":[{"start":{"line":39,"column":8},"end":{"line":42,"column":null}},{"start":{},"end":{}}],"line":39},"13":{"loc":{"start":{"line":57,"column":12},"end":{"line":62,"column":null}},"type":"if","locations":[{"start":{"line":57,"column":12},"end":{"line":62,"column":null}},{"start":{"line":59,"column":12},"end":{"line":62,"column":null}}],"line":57},"14":{"loc":{"start":{"line":59,"column":12},"end":{"line":62,"column":null}},"type":"if","locations":[{"start":{"line":59,"column":12},"end":{"line":62,"column":null}},{"start":{},"end":{}}],"line":59},"15":{"loc":{"start":{"line":73,"column":8},"end":{"line":75,"column":null}},"type":"if","locations":[{"start":{"line":73,"column":8},"end":{"line":75,"column":null}},{"start":{},"end":{}}],"line":73},"16":{"loc":{"start":{"line":73,"column":12},"end":{"line":73,"column":53}},"type":"binary-expr","locations":[{"start":{"line":73,"column":12},"end":{"line":73,"column":27}},{"start":{"line":73,"column":27},"end":{"line":73,"column":53}}],"line":73},"17":{"loc":{"start":{"line":78,"column":8},"end":{"line":80,"column":null}},"type":"if","locations":[{"start":{"line":78,"column":8},"end":{"line":80,"column":null}},{"start":{},"end":{}}],"line":78},"18":{"loc":{"start":{"line":85,"column":14},"end":{"line":85,"column":null}},"type":"binary-expr","locations":[{"start":{"line":85,"column":14},"end":{"line":85,"column":45}},{"start":{"line":85,"column":45},"end":{"line":85,"column":null}}],"line":85},"19":{"loc":{"start":{"line":92,"column":35},"end":{"line":92,"column":70}},"type":"binary-expr","locations":[{"start":{"line":92,"column":35},"end":{"line":92,"column":48}},{"start":{"line":92,"column":48},"end":{"line":92,"column":70}}],"line":92},"20":{"loc":{"start":{"line":96,"column":15},"end":{"line":96,"column":null}},"type":"cond-expr","locations":[{"start":{"line":96,"column":30},"end":{"line":96,"column":50}},{"start":{"line":96,"column":50},"end":{"line":96,"column":null}}],"line":96},"21":{"loc":{"start":{"line":96,"column":30},"end":{"line":96,"column":50}},"type":"binary-expr","locations":[{"start":{"line":96,"column":30},"end":{"line":96,"column":44}},{"start":{"line":96,"column":44},"end":{"line":96,"column":50}}],"line":96},"22":{"loc":{"start":{"line":101,"column":8},"end":{"line":101,"column":null}},"type":"if","locations":[{"start":{"line":101,"column":8},"end":{"line":101,"column":null}},{"start":{},"end":{}}],"line":101},"23":{"loc":{"start":{"line":102,"column":124},"end":{"line":102,"column":146}},"type":"cond-expr","locations":[{"start":{"line":102,"column":131},"end":{"line":102,"column":144}},{"start":{"line":102,"column":144},"end":{"line":102,"column":146}}],"line":102}},"s":{"0":25,"1":25,"2":25,"3":25,"4":25,"5":24,"6":16,"7":16,"8":8,"9":10,"10":8,"11":8,"12":25,"13":24,"14":24,"15":24,"16":24,"17":24,"18":24,"19":116,"20":116,"21":1,"22":115,"23":115,"24":116,"25":116,"26":116,"27":24,"28":25,"29":24,"30":1,"31":23,"32":15,"33":8,"34":10,"35":8,"36":8,"37":8,"38":24,"39":25,"40":24,"41":10,"42":10,"43":10,"44":24,"45":25,"46":24,"47":0,"48":24,"49":136,"50":24,"51":24,"52":25,"53":141,"54":121,"55":121},"f":{"0":25,"1":24,"2":10,"3":24,"4":24,"5":10,"6":24,"7":10,"8":10,"9":10,"10":24,"11":136,"12":141,"13":121,"14":121},"b":{"0":[25],"1":[25],"2":[25],"3":[25],"4":[25],"5":[25],"6":[25],"7":[25],"8":[25],"9":[25],"10":[25],"11":[25],"12":[16,8],"13":[1,115],"14":[115,0],"15":[1,23],"16":[24,1],"17":[15,8],"18":[8,6],"19":[10,10],"20":[8,16],"21":[8,0],"22":[0,24],"23":[28,108]},"meta":{"lastBranch":24,"lastFunction":15,"lastStatement":56,"seen":{"f:18:24:18:32":0,"b:20:12:20:Infinity":0,"b:21:13:21:Infinity":1,"b:22:11:22:Infinity":2,"b:23:13:23:Infinity":3,"b:24:18:24:Infinity":4,"b:25:18:25:Infinity":5,"b:27:21:27:Infinity":6,"b:28:22:28:Infinity":7,"s:30:61:30:Infinity":0,"b:30:18:30:22":8,"b:30:30:30:34":9,"b:30:43:30:47":10,"b:30:54:30:57":11,"s:32:19:32:Infinity":1,"s:33:19:33:Infinity":2,"s:35:10:35:Infinity":3,"s:38:10:46:Infinity":4,"f:38:27:38:33":1,"b:39:8:42:Infinity:undefined:undefined:undefined:undefined":12,"s:39:8:42:Infinity":5,"s:40:24:40:Infinity":6,"s:41:12:41:Infinity":7,"s:43:22:43:Infinity":8,"f:43:31:43:32":2,"s:43:38:43:59":9,"s:44:23:44:Infinity":10,"s:45:8:45:Infinity":11,"s:49:10:68:Infinity":12,"f:49:27:49:33":3,"s:50:23:50:Infinity":13,"s:51:25:51:Infinity":14,"s:52:20:52:Infinity":15,"s:53:63:53:Infinity":16,"s:55:8:66:Infinity":17,"s:55:21:55:24":18,"s:56:23:56:Infinity":19,"b:57:12:62:Infinity:59:12:62:Infinity":13,"s:57:12:62:Infinity":20,"s:58:16:58:Infinity":21,"b:59:12:62:Infinity:undefined:undefined:undefined:undefined":14,"s:59:12:62:Infinity":22,"s:61:16:61:Infinity":23,"s:63:30:63:Infinity":24,"s:64:26:64:Infinity":25,"s:65:12:65:Infinity":26,"s:67:8:67:Infinity":27,"s:71:10:87:Infinity":28,"f:71:27:71:33":4,"b:73:8:75:Infinity:undefined:undefined:undefined:undefined":15,"s:73:8:75:Infinity":29,"b:73:12:73:27:73:27:73:53":16,"s:74:12:74:Infinity":30,"b:78:8:80:Infinity:undefined:undefined:undefined:undefined":17,"s:78:8:80:Infinity":31,"s:79:12:79:Infinity":32,"s:82:23:82:Infinity":33,"f:82:32:82:33":5,"s:82:39:82:46":34,"s:83:20:83:Infinity":35,"s:84:20:84:Infinity":36,"s:85:14:85:Infinity":37,"b:85:14:85:45:85:45:85:Infinity":18,"s:86:8:86:Infinity":38,"s:90:10:97:Infinity":39,"f:90:26:90:32":6,"s:91:21:95:Infinity":40,"f:92:17:92:18":7,"s:92:35:92:70":41,"b:92:35:92:48:92:48:92:70":19,"f:93:11:93:12":8,"s:93:29:93:58":42,"f:94:11:94:12":9,"s:94:29:94:44":43,"s:96:8:96:Infinity":44,"b:96:30:96:50:96:50:96:Infinity":20,"b:96:30:96:44:96:44:96:50":21,"s:100:4:105:Infinity":45,"f:100:20:100:26":10,"b:101:8:101:Infinity:undefined:undefined:undefined:undefined":22,"s:101:8:101:Infinity":46,"s:101:31:101:Infinity":47,"s:102:22:102:Infinity":48,"f:102:83:102:84":11,"s:102:98:102:148":49,"b:102:131:102:144:102:144:102:146":23,"s:103:8:103:Infinity":50,"s:104:8:104:Infinity":51,"s:107:4:150:Infinity":52,"f:115:54:115:55":12,"s:116:24:118:Infinity":53,"f:129:32:129:33":13,"s:130:24:135:Infinity":54,"f:141:32:141:33":14,"s:142:24:144:Infinity":55}}}
,"/Users/shrey/Downloads/Coding/Rockets/omnibus-DAQms/src/components/ui/card.tsx": {"path":"/Users/shrey/Downloads/Coding/Rockets/omnibus-DAQms/src/components/ui/card.tsx","statementMap":{"0":{"start":{"line":6,"column":2},"end":{"line":14,"column":null}},"1":{"start":{"line":19,"column":2},"end":{"line":27,"column":null}},"2":{"start":{"line":32,"column":2},"end":{"line":37,"column":null}},"3":{"start":{"line":42,"column":2},"end":{"line":47,"column":null}},"4":{"start":{"line":52,"column":2},"end":{"line":60,"column":null}},"5":{"start":{"line":65,"column":2},"end":{"line":70,"column":null}},"6":{"start":{"line":75,"column":2},"end":{"line":80,"column":null}}},"fnMap":{"0":{"name":"Card","decl":{"start":{"line":5,"column":9},"end":{"line":5,"column":14}},"loc":{"start":{"line":5,"column":68},"end":{"line":16,"column":null}},"line":5},"1":{"name":"CardHeader","decl":{"start":{"line":18,"column":9},"end":{"line":18,"column":20}},"loc":{"start":{"line":18,"column":74},"end":{"line":29,"column":null}},"line":18},"2":{"name":"CardTitle","decl":{"start":{"line":31,"column":9},"end":{"line":31,"column":19}},"loc":{"start":{"line":31,"column":73},"end":{"line":39,"column":null}},"line":31},"3":{"name":"CardDescription","decl":{"start":{"line":41,"column":9},"end":{"line":41,"column":25}},"loc":{"start":{"line":41,"column":79},"end":{"line":49,"column":null}},"line":41},"4":{"name":"CardAction","decl":{"start":{"line":51,"column":9},"end":{"line":51,"column":20}},"loc":{"start":{"line":51,"column":74},"end":{"line":62,"column":null}},"line":51},"5":{"name":"CardContent","decl":{"start":{"line":64,"column":9},"end":{"line":64,"column":21}},"loc":{"start":{"line":64,"column":75},"end":{"line":72,"column":null}},"line":64},"6":{"name":"CardFooter","decl":{"start":{"line":74,"column":9},"end":{"line":74,"column":20}},"loc":{"start":{"line":74,"column":74},"end":{"line":82,"column":null}},"line":74}},"branchMap":{},"s":{"0":40,"1":40,"2":40,"3":40,"4":0,"5":40,"6":0},"f":{"0":40,"1":40,"2":40,"3":40,"4":0,"5":40,"6":0},"b":{},"meta":{"lastBranch":0,"lastFunction":7,"lastStatement":7,"seen":{"f:5:9:5:14":0,"s:6:2:14:Infinity":0,"f:18:9:18:20":1,"s:19:2:27:Infinity":1,"f:31:9:31:19":2,"s:32:2:37:Infinity":2,"f:41:9:41:25":3,"s:42:2:47:Infinity":3,"f:51:9:51:20":4,"s:52:2:60:Infinity":4,"f:64:9:64:21":5,"s:65:2:70:Infinity":5,"f:74:9:74:20":6,"s:75:2:80:Infinity":6}}}
,"/Users/shrey/Downloads/Coding/Rockets/omnibus-DAQms/src/components/ui/chart.tsx": {"path":"/Users/shrey/Downloads/Coding/Rockets/omnibus-DAQms/src/components/ui/chart.tsx","statementMap":{"0":{"start":{"line":7,"column":15},"end":{"line":7,"column":null}},"1":{"start":{"line":23,"column":21},"end":{"line":23,"column":null}},"2":{"start":{"line":26,"column":18},"end":{"line":26,"column":null}},"3":{"start":{"line":28,"column":2},"end":{"line":30,"column":null}},"4":{"start":{"line":29,"column":4},"end":{"line":29,"column":null}},"5":{"start":{"line":32,"column":2},"end":{"line":32,"column":null}},"6":{"start":{"line":47,"column":19},"end":{"line":47,"column":null}},"7":{"start":{"line":48,"column":18},"end":{"line":48,"column":null}},"8":{"start":{"line":50,"column":2},"end":{"line":66,"column":null}},"9":{"start":{"line":70,"column":19},"end":{"line":101,"column":null}},"10":{"start":{"line":71,"column":22},"end":{"line":73,"column":null}},"11":{"start":{"line":72,"column":20},"end":{"line":72,"column":null}},"12":{"start":{"line":75,"column":2},"end":{"line":77,"column":null}},"13":{"start":{"line":76,"column":4},"end":{"line":76,"column":null}},"14":{"start":{"line":79,"column":2},"end":{"line":99,"column":null}},"15":{"start":{"line":84,"column":33},"end":{"line":93,"column":null}},"16":{"start":{"line":89,"column":6},"end":{"line":90,"column":null}},"17":{"start":{"line":91,"column":4},"end":{"line":91,"column":null}},"18":{"start":{"line":103,"column":21},"end":{"line":103,"column":null}},"19":{"start":{"line":127,"column":21},"end":{"line":127,"column":null}},"20":{"start":{"line":129,"column":23},"end":{"line":163,"column":null}},"21":{"start":{"line":130,"column":4},"end":{"line":132,"column":null}},"22":{"start":{"line":131,"column":6},"end":{"line":131,"column":null}},"23":{"start":{"line":134,"column":19},"end":{"line":134,"column":null}},"24":{"start":{"line":135,"column":16},"end":{"line":135,"column":null}},"25":{"start":{"line":136,"column":23},"end":{"line":136,"column":null}},"26":{"start":{"line":138,"column":6},"end":{"line":140,"column":null}},"27":{"start":{"line":142,"column":4},"end":{"line":148,"column":null}},"28":{"start":{"line":143,"column":6},"end":{"line":146,"column":null}},"29":{"start":{"line":150,"column":4},"end":{"line":152,"column":null}},"30":{"start":{"line":151,"column":6},"end":{"line":151,"column":null}},"31":{"start":{"line":154,"column":4},"end":{"line":154,"column":null}},"32":{"start":{"line":165,"column":2},"end":{"line":167,"column":null}},"33":{"start":{"line":166,"column":4},"end":{"line":166,"column":null}},"34":{"start":{"line":169,"column":20},"end":{"line":169,"column":null}},"35":{"start":{"line":171,"column":2},"end":{"line":247,"column":null}},"36":{"start":{"line":181,"column":28},"end":{"line":181,"column":48}},"37":{"start":{"line":183,"column":24},"end":{"line":183,"column":null}},"38":{"start":{"line":184,"column":31},"end":{"line":184,"column":null}},"39":{"start":{"line":185,"column":35},"end":{"line":185,"column":null}},"40":{"start":{"line":187,"column":12},"end":{"line":243,"column":null}},"41":{"start":{"line":251,"column":20},"end":{"line":251,"column":null}},"42":{"start":{"line":264,"column":21},"end":{"line":264,"column":null}},"43":{"start":{"line":266,"column":2},"end":{"line":268,"column":null}},"44":{"start":{"line":267,"column":4},"end":{"line":267,"column":null}},"45":{"start":{"line":270,"column":2},"end":{"line":305,"column":null}},"46":{"start":{"line":279,"column":26},"end":{"line":279,"column":46}},"47":{"start":{"line":281,"column":22},"end":{"line":281,"column":null}},"48":{"start":{"line":282,"column":29},"end":{"line":282,"column":null}},"49":{"start":{"line":284,"column":10},"end":{"line":302,"column":null}},"50":{"start":{"line":315,"column":2},"end":{"line":317,"column":null}},"51":{"start":{"line":316,"column":4},"end":{"line":316,"column":null}},"52":{"start":{"line":320,"column":4},"end":{"line":324,"column":null}},"53":{"start":{"line":326,"column":31},"end":{"line":326,"column":null}},"54":{"start":{"line":328,"column":2},"end":{"line":341,"column":null}},"55":{"start":{"line":332,"column":4},"end":{"line":332,"column":null}},"56":{"start":{"line":333,"column":2},"end":{"line":341,"column":null}},"57":{"start":{"line":338,"column":4},"end":{"line":340,"column":null}},"58":{"start":{"line":343,"column":2},"end":{"line":345,"column":null}}},"fnMap":{"0":{"name":"useChart","decl":{"start":{"line":25,"column":9},"end":{"line":25,"column":20}},"loc":{"start":{"line":25,"column":20},"end":{"line":33,"column":null}},"line":25},"1":{"name":"ChartContainer","decl":{"start":{"line":35,"column":9},"end":{"line":35,"column":24}},"loc":{"start":{"line":46,"column":3},"end":{"line":68,"column":null}},"line":46},"2":{"name":"(anonymous_2)","decl":{"start":{"line":70,"column":19},"end":{"line":70,"column":20}},"loc":{"start":{"line":70,"column":76},"end":{"line":101,"column":null}},"line":70},"3":{"name":"(anonymous_3)","decl":{"start":{"line":72,"column":4},"end":{"line":72,"column":5}},"loc":{"start":{"line":72,"column":20},"end":{"line":72,"column":null}},"line":72},"4":{"name":"(anonymous_4)","decl":{"start":{"line":84,"column":12},"end":{"line":84,"column":13}},"loc":{"start":{"line":84,"column":33},"end":{"line":93,"column":null}},"line":84},"5":{"name":"(anonymous_5)","decl":{"start":{"line":87,"column":7},"end":{"line":87,"column":8}},"loc":{"start":{"line":87,"column":30},"end":{"line":92,"column":3}},"line":87},"6":{"name":"ChartTooltipContent","decl":{"start":{"line":105,"column":9},"end":{"line":105,"column":29}},"loc":{"start":{"line":126,"column":5},"end":{"line":249,"column":null}},"line":126},"7":{"name":"(anonymous_7)","decl":{"start":{"line":129,"column":37},"end":{"line":129,"column":43}},"loc":{"start":{"line":129,"column":43},"end":{"line":155,"column":5}},"line":129},"8":{"name":"(anonymous_8)","decl":{"start":{"line":181,"column":18},"end":{"line":181,"column":19}},"loc":{"start":{"line":181,"column":28},"end":{"line":181,"column":48}},"line":181},"9":{"name":"(anonymous_9)","decl":{"start":{"line":182,"column":15},"end":{"line":182,"column":16}},"loc":{"start":{"line":182,"column":32},"end":{"line":245,"column":11}},"line":182},"10":{"name":"ChartLegendContent","decl":{"start":{"line":253,"column":9},"end":{"line":253,"column":28}},"loc":{"start":{"line":263,"column":5},"end":{"line":307,"column":null}},"line":263},"11":{"name":"(anonymous_11)","decl":{"start":{"line":279,"column":16},"end":{"line":279,"column":17}},"loc":{"start":{"line":279,"column":26},"end":{"line":279,"column":46}},"line":279},"12":{"name":"(anonymous_12)","decl":{"start":{"line":280,"column":13},"end":{"line":280,"column":14}},"loc":{"start":{"line":280,"column":23},"end":{"line":304,"column":9}},"line":280},"13":{"name":"getPayloadConfigFromPayload","decl":{"start":{"line":310,"column":9},"end":{"line":310,"column":null}},"loc":{"start":{"line":314,"column":2},"end":{"line":346,"column":null}},"line":314}},"branchMap":{"0":{"loc":{"start":{"line":28,"column":2},"end":{"line":30,"column":null}},"type":"if","locations":[{"start":{"line":28,"column":2},"end":{"line":30,"column":null}},{"start":{},"end":{}}],"line":28},"1":{"loc":{"start":{"line":48,"column":27},"end":{"line":48,"column":59}},"type":"binary-expr","locations":[{"start":{"line":48,"column":27},"end":{"line":48,"column":33}},{"start":{"line":48,"column":33},"end":{"line":48,"column":59}}],"line":48},"2":{"loc":{"start":{"line":72,"column":20},"end":{"line":72,"column":null}},"type":"binary-expr","locations":[{"start":{"line":72,"column":20},"end":{"line":72,"column":36}},{"start":{"line":72,"column":36},"end":{"line":72,"column":null}}],"line":72},"3":{"loc":{"start":{"line":75,"column":2},"end":{"line":77,"column":null}},"type":"if","locations":[{"start":{"line":75,"column":2},"end":{"line":77,"column":null}},{"start":{},"end":{}}],"line":75},"4":{"loc":{"start":{"line":89,"column":6},"end":{"line":90,"column":null}},"type":"binary-expr","locations":[{"start":{"line":89,"column":6},"end":{"line":89,"column":null}},{"start":{"line":90,"column":6},"end":{"line":90,"column":null}}],"line":89},"5":{"loc":{"start":{"line":91,"column":11},"end":{"line":91,"column":null}},"type":"cond-expr","locations":[{"start":{"line":91,"column":19},"end":{"line":91,"column":51}},{"start":{"line":91,"column":51},"end":{"line":91,"column":null}}],"line":91},"6":{"loc":{"start":{"line":109,"column":2},"end":{"line":109,"column":null}},"type":"default-arg","locations":[{"start":{"line":109,"column":14},"end":{"line":109,"column":null}}],"line":109},"7":{"loc":{"start":{"line":110,"column":2},"end":{"line":110,"column":null}},"type":"default-arg","locations":[{"start":{"line":110,"column":14},"end":{"line":110,"column":null}}],"line":110},"8":{"loc":{"start":{"line":111,"column":2},"end":{"line":111,"column":null}},"type":"default-arg","locations":[{"start":{"line":111,"column":18},"end":{"line":111,"column":null}}],"line":111},"9":{"loc":{"start":{"line":130,"column":4},"end":{"line":132,"column":null}},"type":"if","locations":[{"start":{"line":130,"column":4},"end":{"line":132,"column":null}},{"start":{},"end":{}}],"line":130},"10":{"loc":{"start":{"line":130,"column":8},"end":{"line":130,"column":39}},"type":"binary-expr","locations":[{"start":{"line":130,"column":8},"end":{"line":130,"column":21}},{"start":{"line":130,"column":21},"end":{"line":130,"column":39}}],"line":130},"11":{"loc":{"start":{"line":135,"column":19},"end":{"line":135,"column":69}},"type":"binary-expr","locations":[{"start":{"line":135,"column":19},"end":{"line":135,"column":31}},{"start":{"line":135,"column":31},"end":{"line":135,"column":48}},{"start":{"line":135,"column":48},"end":{"line":135,"column":62}},{"start":{"line":135,"column":62},"end":{"line":135,"column":69}}],"line":135},"12":{"loc":{"start":{"line":138,"column":6},"end":{"line":140,"column":null}},"type":"cond-expr","locations":[{"start":{"line":139,"column":10},"end":{"line":139,"column":null}},{"start":{"line":140,"column":10},"end":{"line":140,"column":null}}],"line":138},"13":{"loc":{"start":{"line":138,"column":6},"end":{"line":138,"column":null}},"type":"binary-expr","locations":[{"start":{"line":138,"column":6},"end":{"line":138,"column":19}},{"start":{"line":138,"column":19},"end":{"line":138,"column":null}}],"line":138},"14":{"loc":{"start":{"line":139,"column":10},"end":{"line":139,"column":null}},"type":"binary-expr","locations":[{"start":{"line":139,"column":10},"end":{"line":139,"column":57}},{"start":{"line":139,"column":57},"end":{"line":139,"column":null}}],"line":139},"15":{"loc":{"start":{"line":142,"column":4},"end":{"line":148,"column":null}},"type":"if","locations":[{"start":{"line":142,"column":4},"end":{"line":148,"column":null}},{"start":{},"end":{}}],"line":142},"16":{"loc":{"start":{"line":150,"column":4},"end":{"line":152,"column":null}},"type":"if","locations":[{"start":{"line":150,"column":4},"end":{"line":152,"column":null}},{"start":{},"end":{}}],"line":150},"17":{"loc":{"start":{"line":165,"column":2},"end":{"line":167,"column":null}},"type":"if","locations":[{"start":{"line":165,"column":2},"end":{"line":167,"column":null}},{"start":{},"end":{}}],"line":165},"18":{"loc":{"start":{"line":165,"column":6},"end":{"line":165,"column":35}},"type":"binary-expr","locations":[{"start":{"line":165,"column":6},"end":{"line":165,"column":17}},{"start":{"line":165,"column":17},"end":{"line":165,"column":35}}],"line":165},"19":{"loc":{"start":{"line":169,"column":20},"end":{"line":169,"column":null}},"type":"binary-expr","locations":[{"start":{"line":169,"column":20},"end":{"line":169,"column":44}},{"start":{"line":169,"column":44},"end":{"line":169,"column":null}}],"line":169},"20":{"loc":{"start":{"line":178,"column":7},"end":{"line":178,"column":null}},"type":"cond-expr","locations":[{"start":{"line":178,"column":20},"end":{"line":178,"column":35}},{"start":{"line":178,"column":35},"end":{"line":178,"column":null}}],"line":178},"21":{"loc":{"start":{"line":183,"column":27},"end":{"line":183,"column":74}},"type":"binary-expr","locations":[{"start":{"line":183,"column":27},"end":{"line":183,"column":38}},{"start":{"line":183,"column":38},"end":{"line":183,"column":51}},{"start":{"line":183,"column":51},"end":{"line":183,"column":67}},{"start":{"line":183,"column":67},"end":{"line":183,"column":74}}],"line":183},"22":{"loc":{"start":{"line":185,"column":35},"end":{"line":185,"column":null}},"type":"binary-expr","locations":[{"start":{"line":185,"column":35},"end":{"line":185,"column":44}},{"start":{"line":185,"column":44},"end":{"line":185,"column":65}},{"start":{"line":185,"column":65},"end":{"line":185,"column":null}}],"line":185},"23":{"loc":{"start":{"line":192,"column":18},"end":{"line":192,"column":null}},"type":"binary-expr","locations":[{"start":{"line":192,"column":18},"end":{"line":192,"column":41}},{"start":{"line":192,"column":41},"end":{"line":192,"column":null}}],"line":192},"24":{"loc":{"start":{"line":195,"column":17},"end":{"line":241,"column":null}},"type":"cond-expr","locations":[{"start":{"line":196,"column":18},"end":{"line":196,"column":null}},{"start":{"line":198,"column":18},"end":{"line":241,"column":null}}],"line":195},"25":{"loc":{"start":{"line":195,"column":17},"end":{"line":195,"column":null}},"type":"binary-expr","locations":[{"start":{"line":195,"column":17},"end":{"line":195,"column":30}},{"start":{"line":195,"column":30},"end":{"line":195,"column":59}},{"start":{"line":195,"column":59},"end":{"line":195,"column":null}}],"line":195},"26":{"loc":{"start":{"line":199,"column":21},"end":{"line":220,"column":null}},"type":"cond-expr","locations":[{"start":{"line":200,"column":22},"end":{"line":200,"column":null}},{"start":{"line":202,"column":22},"end":{"line":220,"column":null}}],"line":199},"27":{"loc":{"start":{"line":202,"column":22},"end":{"line":220,"column":null}},"type":"binary-expr","locations":[{"start":{"line":202,"column":22},"end":{"line":202,"column":null}},{"start":{"line":203,"column":24},"end":{"line":220,"column":null}}],"line":202},"28":{"loc":{"start":{"line":211,"column":40},"end":{"line":211,"column":null}},"type":"binary-expr","locations":[{"start":{"line":211,"column":40},"end":{"line":211,"column":53}},{"start":{"line":211,"column":53},"end":{"line":211,"column":null}}],"line":211},"29":{"loc":{"start":{"line":226,"column":24},"end":{"line":226,"column":null}},"type":"cond-expr","locations":[{"start":{"line":226,"column":36},"end":{"line":226,"column":50}},{"start":{"line":226,"column":50},"end":{"line":226,"column":null}}],"line":226},"30":{"loc":{"start":{"line":230,"column":25},"end":{"line":230,"column":null}},"type":"cond-expr","locations":[{"start":{"line":230,"column":37},"end":{"line":230,"column":52}},{"start":{"line":230,"column":52},"end":{"line":230,"column":null}}],"line":230},"31":{"loc":{"start":{"line":232,"column":27},"end":{"line":232,"column":null}},"type":"binary-expr","locations":[{"start":{"line":232,"column":27},"end":{"line":232,"column":48}},{"start":{"line":232,"column":48},"end":{"line":232,"column":null}}],"line":232},"32":{"loc":{"start":{"line":235,"column":23},"end":{"line":238,"column":null}},"type":"binary-expr","locations":[{"start":{"line":235,"column":23},"end":{"line":235,"column":null}},{"start":{"line":236,"column":24},"end":{"line":238,"column":null}}],"line":235},"33":{"loc":{"start":{"line":255,"column":2},"end":{"line":255,"column":null}},"type":"default-arg","locations":[{"start":{"line":255,"column":13},"end":{"line":255,"column":null}}],"line":255},"34":{"loc":{"start":{"line":257,"column":2},"end":{"line":257,"column":null}},"type":"default-arg","locations":[{"start":{"line":257,"column":18},"end":{"line":257,"column":null}}],"line":257},"35":{"loc":{"start":{"line":266,"column":2},"end":{"line":268,"column":null}},"type":"if","locations":[{"start":{"line":266,"column":2},"end":{"line":268,"column":null}},{"start":{},"end":{}}],"line":266},"36":{"loc":{"start":{"line":274,"column":8},"end":{"line":274,"column":null}},"type":"cond-expr","locations":[{"start":{"line":274,"column":34},"end":{"line":274,"column":43}},{"start":{"line":274,"column":43},"end":{"line":274,"column":null}}],"line":274},"37":{"loc":{"start":{"line":281,"column":25},"end":{"line":281,"column":59}},"type":"binary-expr","locations":[{"start":{"line":281,"column":25},"end":{"line":281,"column":36}},{"start":{"line":281,"column":36},"end":{"line":281,"column":52}},{"start":{"line":281,"column":52},"end":{"line":281,"column":59}}],"line":281},"38":{"loc":{"start":{"line":291,"column":15},"end":{"line":299,"column":null}},"type":"cond-expr","locations":[{"start":{"line":292,"column":16},"end":{"line":292,"column":null}},{"start":{"line":294,"column":16},"end":{"line":299,"column":null}}],"line":291},"39":{"loc":{"start":{"line":291,"column":15},"end":{"line":291,"column":null}},"type":"binary-expr","locations":[{"start":{"line":291,"column":15},"end":{"line":291,"column":35}},{"start":{"line":291,"column":35},"end":{"line":291,"column":null}}],"line":291},"40":{"loc":{"start":{"line":315,"column":2},"end":{"line":317,"column":null}},"type":"if","locations":[{"start":{"line":315,"column":2},"end":{"line":317,"column":null}},{"start":{},"end":{}}],"line":315},"41":{"loc":{"start":{"line":315,"column":6},"end":{"line":315,"column":55}},"type":"binary-expr","locations":[{"start":{"line":315,"column":6},"end":{"line":315,"column":37}},{"start":{"line":315,"column":37},"end":{"line":315,"column":55}}],"line":315},"42":{"loc":{"start":{"line":320,"column":4},"end":{"line":324,"column":null}},"type":"cond-expr","locations":[{"start":{"line":323,"column":8},"end":{"line":323,"column":null}},{"start":{"line":324,"column":8},"end":{"line":324,"column":null}}],"line":320},"43":{"loc":{"start":{"line":320,"column":4},"end":{"line":322,"column":null}},"type":"binary-expr","locations":[{"start":{"line":320,"column":4},"end":{"line":320,"column":null}},{"start":{"line":321,"column":4},"end":{"line":321,"column":null}},{"start":{"line":322,"column":4},"end":{"line":322,"column":null}}],"line":320},"44":{"loc":{"start":{"line":328,"column":2},"end":{"line":341,"column":null}},"type":"if","locations":[{"start":{"line":328,"column":2},"end":{"line":341,"column":null}},{"start":{"line":333,"column":2},"end":{"line":341,"column":null}}],"line":328},"45":{"loc":{"start":{"line":329,"column":4},"end":{"line":330,"column":null}},"type":"binary-expr","locations":[{"start":{"line":329,"column":4},"end":{"line":329,"column":null}},{"start":{"line":330,"column":4},"end":{"line":330,"column":null}}],"line":329},"46":{"loc":{"start":{"line":333,"column":2},"end":{"line":341,"column":null}},"type":"if","locations":[{"start":{"line":333,"column":2},"end":{"line":341,"column":null}},{"start":{},"end":{}}],"line":333},"47":{"loc":{"start":{"line":334,"column":4},"end":{"line":336,"column":null}},"type":"binary-expr","locations":[{"start":{"line":334,"column":4},"end":{"line":334,"column":null}},{"start":{"line":335,"column":4},"end":{"line":335,"column":null}},{"start":{"line":336,"column":4},"end":{"line":336,"column":null}}],"line":334},"48":{"loc":{"start":{"line":343,"column":9},"end":{"line":345,"column":null}},"type":"cond-expr","locations":[{"start":{"line":344,"column":6},"end":{"line":344,"column":null}},{"start":{"line":345,"column":6},"end":{"line":345,"column":null}}],"line":343}},"s":{"0":2,"1":2,"2":0,"3":0,"4":0,"5":0,"6":40,"7":40,"8":40,"9":2,"10":40,"11":40,"12":40,"13":0,"14":40,"15":80,"16":80,"17":80,"18":2,"19":0,"20":0,"21":0,"22":0,"23":0,"24":0,"25":0,"26":0,"27":0,"28":0,"29":0,"30":0,"31":0,"32":0,"33":0,"34":0,"35":0,"36":0,"37":0,"38":0,"39":0,"40":0,"41":2,"42":0,"43":0,"44":0,"45":0,"46":0,"47":0,"48":0,"49":0,"50":0,"51":0,"52":0,"53":0,"54":0,"55":0,"56":0,"57":0,"58":0},"f":{"0":0,"1":40,"2":40,"3":40,"4":80,"5":80,"6":0,"7":0,"8":0,"9":0,"10":0,"11":0,"12":0,"13":0},"b":{"0":[0,0],"1":[40,40],"2":[40,40],"3":[0,40],"4":[80,80],"5":[80,0],"6":[0],"7":[0],"8":[0],"9":[0,0],"10":[0,0],"11":[0,0,0,0],"12":[0,0],"13":[0,0],"14":[0,0],"15":[0,0],"16":[0,0],"17":[0,0],"18":[0,0],"19":[0,0],"20":[0,0],"21":[0,0,0,0],"22":[0,0,0],"23":[0,0],"24":[0,0],"25":[0,0,0],"26":[0,0],"27":[0,0],"28":[0,0],"29":[0,0],"30":[0,0],"31":[0,0],"32":[0,0],"33":[0],"34":[0],"35":[0,0],"36":[0,0],"37":[0,0,0],"38":[0,0],"39":[0,0],"40":[0,0],"41":[0,0],"42":[0,0],"43":[0,0,0],"44":[0,0],"45":[0,0],"46":[0,0],"47":[0,0,0],"48":[0,0]},"meta":{"lastBranch":49,"lastFunction":14,"lastStatement":59,"seen":{"s:7:15:7:Infinity":0,"s:23:21:23:Infinity":1,"f:25:9:25:20":0,"s:26:18:26:Infinity":2,"b:28:2:30:Infinity:undefined:undefined:undefined:undefined":0,"s:28:2:30:Infinity":3,"s:29:4:29:Infinity":4,"s:32:2:32:Infinity":5,"f:35:9:35:24":1,"s:47:19:47:Infinity":6,"s:48:18:48:Infinity":7,"b:48:27:48:33:48:33:48:59":1,"s:50:2:66:Infinity":8,"s:70:19:101:Infinity":9,"f:70:19:70:20":2,"s:71:22:73:Infinity":10,"f:72:4:72:5":3,"s:72:20:72:Infinity":11,"b:72:20:72:36:72:36:72:Infinity":2,"b:75:2:77:Infinity:undefined:undefined:undefined:undefined":3,"s:75:2:77:Infinity":12,"s:76:4:76:Infinity":13,"s:79:2:99:Infinity":14,"f:84:12:84:13":4,"s:84:33:93:Infinity":15,"f:87:7:87:8":5,"s:89:6:90:Infinity":16,"b:89:6:89:Infinity:90:6:90:Infinity":4,"s:91:4:91:Infinity":17,"b:91:19:91:51:91:51:91:Infinity":5,"s:103:21:103:Infinity":18,"f:105:9:105:29":6,"b:109:14:109:Infinity":6,"b:110:14:110:Infinity":7,"b:111:18:111:Infinity":8,"s:127:21:127:Infinity":19,"s:129:23:163:Infinity":20,"f:129:37:129:43":7,"b:130:4:132:Infinity:undefined:undefined:undefined:undefined":9,"s:130:4:132:Infinity":21,"b:130:8:130:21:130:21:130:39":10,"s:131:6:131:Infinity":22,"s:134:19:134:Infinity":23,"s:135:16:135:Infinity":24,"b:135:19:135:31:135:31:135:48:135:48:135:62:135:62:135:69":11,"s:136:23:136:Infinity":25,"s:138:6:140:Infinity":26,"b:139:10:139:Infinity:140:10:140:Infinity":12,"b:138:6:138:19:138:19:138:Infinity":13,"b:139:10:139:57:139:57:139:Infinity":14,"b:142:4:148:Infinity:undefined:undefined:undefined:undefined":15,"s:142:4:148:Infinity":27,"s:143:6:146:Infinity":28,"b:150:4:152:Infinity:undefined:undefined:undefined:undefined":16,"s:150:4:152:Infinity":29,"s:151:6:151:Infinity":30,"s:154:4:154:Infinity":31,"b:165:2:167:Infinity:undefined:undefined:undefined:undefined":17,"s:165:2:167:Infinity":32,"b:165:6:165:17:165:17:165:35":18,"s:166:4:166:Infinity":33,"s:169:20:169:Infinity":34,"b:169:20:169:44:169:44:169:Infinity":19,"s:171:2:247:Infinity":35,"b:178:20:178:35:178:35:178:Infinity":20,"f:181:18:181:19":8,"s:181:28:181:48":36,"f:182:15:182:16":9,"s:183:24:183:Infinity":37,"b:183:27:183:38:183:38:183:51:183:51:183:67:183:67:183:74":21,"s:184:31:184:Infinity":38,"s:185:35:185:Infinity":39,"b:185:35:185:44:185:44:185:65:185:65:185:Infinity":22,"s:187:12:243:Infinity":40,"b:192:18:192:41:192:41:192:Infinity":23,"b:196:18:196:Infinity:198:18:241:Infinity":24,"b:195:17:195:30:195:30:195:59:195:59:195:Infinity":25,"b:200:22:200:Infinity:202:22:220:Infinity":26,"b:202:22:202:Infinity:203:24:220:Infinity":27,"b:211:40:211:53:211:53:211:Infinity":28,"b:226:36:226:50:226:50:226:Infinity":29,"b:230:37:230:52:230:52:230:Infinity":30,"b:232:27:232:48:232:48:232:Infinity":31,"b:235:23:235:Infinity:236:24:238:Infinity":32,"s:251:20:251:Infinity":41,"f:253:9:253:28":10,"b:255:13:255:Infinity":33,"b:257:18:257:Infinity":34,"s:264:21:264:Infinity":42,"b:266:2:268:Infinity:undefined:undefined:undefined:undefined":35,"s:266:2:268:Infinity":43,"s:267:4:267:Infinity":44,"s:270:2:305:Infinity":45,"b:274:34:274:43:274:43:274:Infinity":36,"f:279:16:279:17":11,"s:279:26:279:46":46,"f:280:13:280:14":12,"s:281:22:281:Infinity":47,"b:281:25:281:36:281:36:281:52:281:52:281:59":37,"s:282:29:282:Infinity":48,"s:284:10:302:Infinity":49,"b:292:16:292:Infinity:294:16:299:Infinity":38,"b:291:15:291:35:291:35:291:Infinity":39,"f:310:9:310:Infinity":13,"b:315:2:317:Infinity:undefined:undefined:undefined:undefined":40,"s:315:2:317:Infinity":50,"b:315:6:315:37:315:37:315:55":41,"s:316:4:316:Infinity":51,"s:320:4:324:Infinity":52,"b:323:8:323:Infinity:324:8:324:Infinity":42,"b:320:4:320:Infinity:321:4:321:Infinity:322:4:322:Infinity":43,"s:326:31:326:Infinity":53,"b:328:2:341:Infinity:333:2:341:Infinity":44,"s:328:2:341:Infinity":54,"b:329:4:329:Infinity:330:4:330:Infinity":45,"s:332:4:332:Infinity":55,"b:333:2:341:Infinity:undefined:undefined:undefined:undefined":46,"s:333:2:341:Infinity":56,"b:334:4:334:Infinity:335:4:335:Infinity:336:4:336:Infinity":47,"s:338:4:340:Infinity":57,"s:343:2:345:Infinity":58,"b:344:6:344:Infinity:345:6:345:Infinity":48}}}
,"/Users/shrey/Downloads/Coding/Rockets/omnibus-DAQms/src/components/ui/navigation-menu.tsx": {"path":"/Users/shrey/Downloads/Coding/Rockets/omnibus-DAQms/src/components/ui/navigation-menu.tsx","statementMap":{"0":{"start":{"line":16,"column":2},"end":{"line":28,"column":null}},"1":{"start":{"line":36,"column":2},"end":{"line":44,"column":null}},"2":{"start":{"line":52,"column":2},"end":{"line":57,"column":null}},"3":{"start":{"line":61,"column":6},"end":{"line":63,"column":null}},"4":{"start":{"line":70,"column":2},"end":{"line":81,"column":null}},"5":{"start":{"line":89,"column":2},"end":{"line":98,"column":null}},"6":{"start":{"line":106,"column":2},"end":{"line":120,"column":null}},"7":{"start":{"line":128,"column":2},"end":{"line":136,"column":null}},"8":{"start":{"line":144,"column":2},"end":{"line":154,"column":null}}},"fnMap":{"0":{"name":"NavigationMenu","decl":{"start":{"line":8,"column":9},"end":{"line":8,"column":24}},"loc":{"start":{"line":15,"column":3},"end":{"line":30,"column":null}},"line":15},"1":{"name":"NavigationMenuList","decl":{"start":{"line":32,"column":9},"end":{"line":32,"column":28}},"loc":{"start":{"line":35,"column":62},"end":{"line":46,"column":null}},"line":35},"2":{"name":"NavigationMenuItem","decl":{"start":{"line":48,"column":9},"end":{"line":48,"column":28}},"loc":{"start":{"line":51,"column":62},"end":{"line":59,"column":null}},"line":51},"3":{"name":"NavigationMenuTrigger","decl":{"start":{"line":65,"column":9},"end":{"line":65,"column":31}},"loc":{"start":{"line":69,"column":65},"end":{"line":83,"column":null}},"line":69},"4":{"name":"NavigationMenuContent","decl":{"start":{"line":85,"column":9},"end":{"line":85,"column":31}},"loc":{"start":{"line":88,"column":65},"end":{"line":100,"column":null}},"line":88},"5":{"name":"NavigationMenuViewport","decl":{"start":{"line":102,"column":9},"end":{"line":102,"column":32}},"loc":{"start":{"line":105,"column":66},"end":{"line":122,"column":null}},"line":105},"6":{"name":"NavigationMenuLink","decl":{"start":{"line":124,"column":9},"end":{"line":124,"column":28}},"loc":{"start":{"line":127,"column":62},"end":{"line":138,"column":null}},"line":127},"7":{"name":"NavigationMenuIndicator","decl":{"start":{"line":140,"column":9},"end":{"line":140,"column":33}},"loc":{"start":{"line":143,"column":67},"end":{"line":156,"column":null}},"line":143}},"branchMap":{"0":{"loc":{"start":{"line":11,"column":2},"end":{"line":11,"column":null}},"type":"default-arg","locations":[{"start":{"line":11,"column":13},"end":{"line":11,"column":null}}],"line":11},"1":{"loc":{"start":{"line":27,"column":7},"end":{"line":27,"column":null}},"type":"binary-expr","locations":[{"start":{"line":27,"column":7},"end":{"line":27,"column":19}},{"start":{"line":27,"column":19},"end":{"line":27,"column":null}}],"line":27}},"s":{"0":1,"1":1,"2":4,"3":1,"4":0,"5":0,"6":1,"7":4,"8":0},"f":{"0":1,"1":1,"2":4,"3":0,"4":0,"5":1,"6":4,"7":0},"b":{"0":[1],"1":[1,1]},"meta":{"lastBranch":2,"lastFunction":8,"lastStatement":9,"seen":{"f:8:9:8:24":0,"b:11:13:11:Infinity":0,"s:16:2:28:Infinity":0,"b:27:7:27:19:27:19:27:Infinity":1,"f:32:9:32:28":1,"s:36:2:44:Infinity":1,"f:48:9:48:28":2,"s:52:2:57:Infinity":2,"s:61:6:63:Infinity":3,"f:65:9:65:31":3,"s:70:2:81:Infinity":4,"f:85:9:85:31":4,"s:89:2:98:Infinity":5,"f:102:9:102:32":5,"s:106:2:120:Infinity":6,"f:124:9:124:28":6,"s:128:2:136:Infinity":7,"f:140:9:140:33":7,"s:144:2:154:Infinity":8}}}
,"/Users/shrey/Downloads/Coding/Rockets/omnibus-DAQms/src/context/OmnibusContext.ts": {"path":"/Users/shrey/Downloads/Coding/Rockets/omnibus-DAQms/src/context/OmnibusContext.ts","statementMap":{"0":{"start":{"line":13,"column":13},"end":{"line":13,"column":null}}},"fnMap":{},"branchMap":{},"s":{"0":1},"f":{},"b":{},"meta":{"lastBranch":0,"lastFunction":0,"lastStatement":1,"seen":{"s:13:13:13:Infinity":0}}}
,"/Users/shrey/Downloads/Coding/Rockets/omnibus-DAQms/src/hooks/useOmnibusContext.ts": {"path":"/Users/shrey/Downloads/Coding/Rockets/omnibus-DAQms/src/hooks/useOmnibusContext.ts","statementMap":{"0":{"start":{"line":8,"column":33},"end":{"line":14,"column":null}},"1":{"start":{"line":9,"column":8},"end":{"line":9,"column":null}},"2":{"start":{"line":10,"column":2},"end":{"line":12,"column":null}},"3":{"start":{"line":11,"column":4},"end":{"line":11,"column":null}},"4":{"start":{"line":13,"column":2},"end":{"line":13,"column":null}}},"fnMap":{"0":{"name":"(anonymous_0)","decl":{"start":{"line":8,"column":33},"end":{"line":8,"column":60}},"loc":{"start":{"line":8,"column":60},"end":{"line":14,"column":null}},"line":8}},"branchMap":{"0":{"loc":{"start":{"line":10,"column":2},"end":{"line":12,"column":null}},"type":"if","locations":[{"start":{"line":10,"column":2},"end":{"line":12,"column":null}},{"start":{},"end":{}}],"line":10}},"s":{"0":1,"1":1,"2":1,"3":0,"4":1},"f":{"0":1},"b":{"0":[0,1]},"meta":{"lastBranch":1,"lastFunction":1,"lastStatement":5,"seen":{"s:8:33:14:Infinity":0,"f:8:33:8:60":0,"s:9:8:9:Infinity":1,"b:10:2:12:Infinity:undefined:undefined:undefined:undefined":0,"s:10:2:12:Infinity":2,"s:11:4:11:Infinity":3,"s:13:2:13:Infinity":4}}}
,"/Users/shrey/Downloads/Coding/Rockets/omnibus-DAQms/src/lib/utils.ts": {"path":"/Users/shrey/Downloads/Coding/Rockets/omnibus-DAQms/src/lib/utils.ts","statementMap":{"0":{"start":{"line":5,"column":2},"end":{"line":5,"column":null}}},"fnMap":{"0":{"name":"cn","decl":{"start":{"line":4,"column":16},"end":{"line":4,"column":22}},"loc":{"start":{"line":4,"column":44},"end":{"line":6,"column":null}},"line":4}},"branchMap":{},"s":{"0":252},"f":{"0":252},"b":{},"meta":{"lastBranch":0,"lastFunction":1,"lastStatement":1,"seen":{"f:4:16:4:22":0,"s:5:2:5:Infinity":0}}}
,"/Users/shrey/Downloads/Coding/Rockets/omnibus-DAQms/src/store/omnibusStore.ts": {"path":"/Users/shrey/Downloads/Coding/Rockets/omnibus-DAQms/src/store/omnibusStore.ts","statementMap":{"0":{"start":{"line":22,"column":13},"end":{"line":36,"column":null}},"1":{"start":{"line":23,"column":36},"end":{"line":35,"column":6}},"2":{"start":{"line":27,"column":12},"end":{"line":29,"column":null}},"3":{"start":{"line":27,"column":28},"end":{"line":29,"column":14}},"4":{"start":{"line":32,"column":12},"end":{"line":34,"column":null}},"5":{"start":{"line":32,"column":28},"end":{"line":34,"column":14}}},"fnMap":{"0":{"name":"(anonymous_0)","decl":{"start":{"line":23,"column":26},"end":{"line":23,"column":27}},"loc":{"start":{"line":23,"column":36},"end":{"line":35,"column":6}},"line":23},"1":{"name":"(anonymous_1)","decl":{"start":{"line":26,"column":22},"end":{"line":26,"column":23}},"loc":{"start":{"line":27,"column":12},"end":{"line":29,"column":null}},"line":27},"2":{"name":"(anonymous_2)","decl":{"start":{"line":27,"column":16},"end":{"line":27,"column":17}},"loc":{"start":{"line":27,"column":28},"end":{"line":29,"column":14}},"line":27},"3":{"name":"(anonymous_3)","decl":{"start":{"line":31,"column":30},"end":{"line":31,"column":31}},"loc":{"start":{"line":32,"column":12},"end":{"line":34,"column":null}},"line":32},"4":{"name":"(anonymous_4)","decl":{"start":{"line":32,"column":16},"end":{"line":32,"column":17}},"loc":{"start":{"line":32,"column":28},"end":{"line":34,"column":14}},"line":32}},"branchMap":{},"s":{"0":2,"1":2,"2":9,"3":9,"4":0,"5":0},"f":{"0":2,"1":9,"2":9,"3":0,"4":0},"b":{},"meta":{"lastBranch":0,"lastFunction":5,"lastStatement":6,"seen":{"s:22:13:36:Infinity":0,"f:23:26:23:27":0,"s:23:36:35:6":1,"f:26:22:26:23":1,"s:27:12:29:Infinity":2,"f:27:16:27:17":2,"s:27:28:29:14":3,"f:31:30:31:31":3,"s:32:12:34:Infinity":4,"f:32:16:32:17":4,"s:32:28:34:14":5}}}
}
